c:\users\trio4\desktop\2018_gamepg dev\17_cugamepg_2018_0809\shootinggame\debug\shootinggame.pch
c:\users\trio4\desktop\2018_gamepg dev\17_cugamepg_2018_0809\shootinggame\debug\vc141.pdb
c:\users\trio4\desktop\2018_gamepg dev\17_cugamepg_2018_0809\shootinggame\debug\vc141.idb
c:\users\trio4\desktop\2018_gamepg dev\17_cugamepg_2018_0809\shootinggame\debug\stdafx.obj
c:\users\trio4\desktop\2018_gamepg dev\17_cugamepg_2018_0809\shootinggame\debug\cshootinggameapp.obj
c:\users\trio4\desktop\2018_gamepg dev\17_cugamepg_2018_0809\shootinggame\debug\cspaceship.obj
c:\users\trio4\desktop\2018_gamepg dev\17_cugamepg_2018_0809\shootinggame\debug\shootinggame.obj
c:\users\trio4\desktop\2018_gamepg dev\17_cugamepg_2018_0809\shootinggame\debug\cscroll.obj
c:\users\trio4\desktop\2018_gamepg dev\17_cugamepg_2018_0809\shootinggame\debug\cplayer.obj
c:\users\trio4\desktop\2018_gamepg dev\17_cugamepg_2018_0809\shootinggame\debug\cexplosion.obj
c:\users\trio4\desktop\2018_gamepg dev\17_cugamepg_2018_0809\shootinggame\debug\cenemy.obj
c:\users\trio4\desktop\2018_gamepg dev\17_cugamepg_2018_0809\shootinggame\debug\wictextureloader.obj
c:\users\trio4\desktop\2018_gamepg dev\17_cugamepg_2018_0809\shootinggame\debug\gamepgutil.obj
c:\users\trio4\desktop\2018_gamepg dev\17_cugamepg_2018_0809\shootinggame\debug\ctexture.obj
c:\users\trio4\desktop\2018_gamepg dev\17_cugamepg_2018_0809\shootinggame\debug\cquadpolygon.obj
c:\users\trio4\desktop\2018_gamepg dev\17_cugamepg_2018_0809\shootinggame\debug\cpicture.obj
c:\users\trio4\desktop\2018_gamepg dev\17_cugamepg_2018_0809\shootinggame\debug\cdirectinput.obj
c:\users\trio4\desktop\2018_gamepg dev\17_cugamepg_2018_0809\shootinggame\debug\capplication.obj
c:\users\trio4\desktop\2018_gamepg dev\17_cugamepg_2018_0809\shootinggame\debug\ccamera.obj
c:\users\trio4\desktop\2018_gamepg dev\17_cugamepg_2018_0809\debug\shootinggame.ilk
c:\users\trio4\desktop\2018_gamepg dev\17_cugamepg_2018_0809\debug\shootinggame.exe
c:\users\trio4\desktop\2018_gamepg dev\17_cugamepg_2018_0809\debug\shootinggame.pdb
c:\users\trio4\desktop\2018_gamepg dev\17_cugamepg_2018_0809\shootinggame\debug\shootinggame.res
c:\users\trio4\desktop\2018_gamepg dev\17_cugamepg_2018_0809\shootinggame\debug\shootinggame.tlog\cl.command.1.tlog
c:\users\trio4\desktop\2018_gamepg dev\17_cugamepg_2018_0809\shootinggame\debug\shootinggame.tlog\cl.read.1.tlog
c:\users\trio4\desktop\2018_gamepg dev\17_cugamepg_2018_0809\shootinggame\debug\shootinggame.tlog\cl.write.1.tlog
c:\users\trio4\desktop\2018_gamepg dev\17_cugamepg_2018_0809\shootinggame\debug\shootinggame.tlog\link.command.1.tlog
c:\users\trio4\desktop\2018_gamepg dev\17_cugamepg_2018_0809\shootinggame\debug\shootinggame.tlog\link.read.1.tlog
c:\users\trio4\desktop\2018_gamepg dev\17_cugamepg_2018_0809\shootinggame\debug\shootinggame.tlog\link.write.1.tlog
c:\users\trio4\desktop\2018_gamepg dev\17_cugamepg_2018_0809\shootinggame\debug\shootinggame.tlog\rc.command.1.tlog
c:\users\trio4\desktop\2018_gamepg dev\17_cugamepg_2018_0809\shootinggame\debug\shootinggame.tlog\rc.read.1.tlog
c:\users\trio4\desktop\2018_gamepg dev\17_cugamepg_2018_0809\shootinggame\debug\shootinggame.tlog\rc.write.1.tlog
