c:\users\trio4\desktop\2018_gamepg dev\17_cugamepg_2018_0809\actiongame\debug\actiongame.pch
c:\users\trio4\desktop\2018_gamepg dev\17_cugamepg_2018_0809\actiongame\debug\vc141.pdb
c:\users\trio4\desktop\2018_gamepg dev\17_cugamepg_2018_0809\actiongame\debug\vc141.idb
c:\users\trio4\desktop\2018_gamepg dev\17_cugamepg_2018_0809\actiongame\debug\stdafx.obj
c:\users\trio4\desktop\2018_gamepg dev\17_cugamepg_2018_0809\actiongame\debug\cmapmanager.obj
c:\users\trio4\desktop\2018_gamepg dev\17_cugamepg_2018_0809\actiongame\debug\cmapchip.obj
c:\users\trio4\desktop\2018_gamepg dev\17_cugamepg_2018_0809\actiongame\debug\cdoteatapp.obj
c:\users\trio4\desktop\2018_gamepg dev\17_cugamepg_2018_0809\actiongame\debug\actiongame.obj
c:\users\trio4\desktop\2018_gamepg dev\17_cugamepg_2018_0809\actiongame\debug\gamepgutil.obj
c:\users\trio4\desktop\2018_gamepg dev\17_cugamepg_2018_0809\actiongame\debug\wictextureloader.obj
c:\users\trio4\desktop\2018_gamepg dev\17_cugamepg_2018_0809\actiongame\debug\ctexture.obj
c:\users\trio4\desktop\2018_gamepg dev\17_cugamepg_2018_0809\actiongame\debug\cquadpolygon.obj
c:\users\trio4\desktop\2018_gamepg dev\17_cugamepg_2018_0809\actiongame\debug\cpicture.obj
c:\users\trio4\desktop\2018_gamepg dev\17_cugamepg_2018_0809\actiongame\debug\cdirectinput.obj
c:\users\trio4\desktop\2018_gamepg dev\17_cugamepg_2018_0809\actiongame\debug\ccamera.obj
c:\users\trio4\desktop\2018_gamepg dev\17_cugamepg_2018_0809\actiongame\debug\capplication.obj
c:\users\trio4\desktop\2018_gamepg dev\17_cugamepg_2018_0809\debug\actiongame.ilk
c:\users\trio4\desktop\2018_gamepg dev\17_cugamepg_2018_0809\debug\actiongame.exe
c:\users\trio4\desktop\2018_gamepg dev\17_cugamepg_2018_0809\debug\actiongame.pdb
c:\users\trio4\desktop\2018_gamepg dev\17_cugamepg_2018_0809\actiongame\debug\actiongame.res
c:\users\trio4\desktop\2018_gamepg dev\17_cugamepg_2018_0809\actiongame\debug\actiongame.tlog\cl.command.1.tlog
c:\users\trio4\desktop\2018_gamepg dev\17_cugamepg_2018_0809\actiongame\debug\actiongame.tlog\cl.read.1.tlog
c:\users\trio4\desktop\2018_gamepg dev\17_cugamepg_2018_0809\actiongame\debug\actiongame.tlog\cl.write.1.tlog
c:\users\trio4\desktop\2018_gamepg dev\17_cugamepg_2018_0809\actiongame\debug\actiongame.tlog\link.command.1.tlog
c:\users\trio4\desktop\2018_gamepg dev\17_cugamepg_2018_0809\actiongame\debug\actiongame.tlog\link.read.1.tlog
c:\users\trio4\desktop\2018_gamepg dev\17_cugamepg_2018_0809\actiongame\debug\actiongame.tlog\link.write.1.tlog
c:\users\trio4\desktop\2018_gamepg dev\17_cugamepg_2018_0809\actiongame\debug\actiongame.tlog\rc.command.1.tlog
c:\users\trio4\desktop\2018_gamepg dev\17_cugamepg_2018_0809\actiongame\debug\actiongame.tlog\rc.read.1.tlog
c:\users\trio4\desktop\2018_gamepg dev\17_cugamepg_2018_0809\actiongame\debug\actiongame.tlog\rc.write.1.tlog
